<?xml version="1.0" encoding="UTF-8"?>
<!-- Generated by org.testng.reporters.JUnitReportReporter -->
<testsuite skipped="0" hostname="LAPTOP-1IKM18D7" name="IODemo.FileInputOutputDemo1" tests="1" failures="0" timestamp="03 Sep 2024 06:45:02 GMT" time="0.006" errors="0">
  <testcase name="funA" time="0.006" classname="IODemo.FileInputOutputDemo1"/>
</testsuite> <!-- IODemo.FileInputOutputDemo1 -->
