<?xml version="1.0" encoding="UTF-8"?>
<!-- Generated by org.testng.reporters.JUnitReportReporter -->
<testsuite skipped="0" hostname="LAPTOP-1IKM18D7" name="IODemo.PropertiesDemo1" tests="1" failures="0" timestamp="03 Sep 2024 05:55:23 GMT" time="0.005" errors="0">
  <testcase name="propertest" time="0.005" classname="IODemo.PropertiesDemo1"/>
</testsuite> <!-- IODemo.PropertiesDemo1 -->
