<?xml version="1.0" encoding="UTF-8"?>
<!-- Generated by org.testng.reporters.JUnitReportReporter -->
<testsuite skipped="0" hostname="LAPTOP-1IKM18D7" name="IODemo.FileDemo" tests="1" failures="0" timestamp="26 Sep 2024 07:53:27 GMT" time="0.014" errors="0">
  <testcase name="funA" time="0.014" classname="IODemo.FileDemo"/>
</testsuite> <!-- IODemo.FileDemo -->
